[INFO  - 2015-07-17T10:48:21.349Z] GhostDriver - Main - running on port 21023
[INFO  - 2015-07-17T10:48:21.795Z] Session [57a33af0-2c71-11e5-8f7b-81c672b62e62] - page.settings - {"XSSAuditingEnabled":false,"javascriptCanCloseWindows":true,"javascriptCanOpenWindows":true,"javascriptEnabled":true,"loadImages":true,"localToRemoteUrlAccessEnabled":false,"userAgent":"Mozilla/5.0 (Unknown; Linux x86_64) AppleWebKit/534.34 (KHTML, like Gecko) PhantomJS/1.9.8 Safari/534.34","webSecurityEnabled":true}
[INFO  - 2015-07-17T10:48:21.795Z] Session [57a33af0-2c71-11e5-8f7b-81c672b62e62] - page.customHeaders:  - {}
[INFO  - 2015-07-17T10:48:21.795Z] Session [57a33af0-2c71-11e5-8f7b-81c672b62e62] - Session.negotiatedCapabilities - {"browserName":"phantomjs","version":"1.9.8","driverName":"ghostdriver","driverVersion":"1.1.0","platform":"linux-unknown-64bit","javascriptEnabled":true,"takesScreenshot":true,"handlesAlerts":false,"databaseEnabled":false,"locationContextEnabled":false,"applicationCacheEnabled":false,"browserConnectionEnabled":false,"cssSelectorsEnabled":true,"webStorageEnabled":false,"rotatable":false,"acceptSslCerts":false,"nativeEvents":true,"proxy":{"proxyType":"direct"}}
[INFO  - 2015-07-17T10:48:21.795Z] SessionManagerReqHand - _postNewSessionCommand - New Session Created: 57a33af0-2c71-11e5-8f7b-81c672b62e62
[INFO  - 2015-07-17T10:57:05.932Z] GhostDriver - Main - running on port 15190
[INFO  - 2015-07-17T10:57:06.389Z] Session [90523a30-2c72-11e5-a5b6-6f03a2b5feee] - page.settings - {"XSSAuditingEnabled":false,"javascriptCanCloseWindows":true,"javascriptCanOpenWindows":true,"javascriptEnabled":true,"loadImages":true,"localToRemoteUrlAccessEnabled":false,"userAgent":"Mozilla/5.0 (Unknown; Linux x86_64) AppleWebKit/534.34 (KHTML, like Gecko) PhantomJS/1.9.8 Safari/534.34","webSecurityEnabled":true}
[INFO  - 2015-07-17T10:57:06.389Z] Session [90523a30-2c72-11e5-a5b6-6f03a2b5feee] - page.customHeaders:  - {}
[INFO  - 2015-07-17T10:57:06.389Z] Session [90523a30-2c72-11e5-a5b6-6f03a2b5feee] - Session.negotiatedCapabilities - {"browserName":"phantomjs","version":"1.9.8","driverName":"ghostdriver","driverVersion":"1.1.0","platform":"linux-unknown-64bit","javascriptEnabled":true,"takesScreenshot":true,"handlesAlerts":false,"databaseEnabled":false,"locationContextEnabled":false,"applicationCacheEnabled":false,"browserConnectionEnabled":false,"cssSelectorsEnabled":true,"webStorageEnabled":false,"rotatable":false,"acceptSslCerts":false,"nativeEvents":true,"proxy":{"proxyType":"direct"}}
[INFO  - 2015-07-17T10:57:06.389Z] SessionManagerReqHand - _postNewSessionCommand - New Session Created: 90523a30-2c72-11e5-a5b6-6f03a2b5feee
[INFO  - 2015-07-17T10:58:37.869Z] ShutdownReqHand - _handle - About to shutdown
[INFO  - 2015-07-17T11:05:19.495Z] GhostDriver - Main - running on port 25822
[INFO  - 2015-07-17T11:05:19.933Z] Session [b67ee9a0-2c73-11e5-8a95-1bb874c4048a] - page.settings - {"XSSAuditingEnabled":false,"javascriptCanCloseWindows":true,"javascriptCanOpenWindows":true,"javascriptEnabled":true,"loadImages":true,"localToRemoteUrlAccessEnabled":false,"userAgent":"Mozilla/5.0 (Unknown; Linux x86_64) AppleWebKit/534.34 (KHTML, like Gecko) PhantomJS/1.9.8 Safari/534.34","webSecurityEnabled":true}
[INFO  - 2015-07-17T11:05:19.934Z] Session [b67ee9a0-2c73-11e5-8a95-1bb874c4048a] - page.customHeaders:  - {}
[INFO  - 2015-07-17T11:05:19.934Z] Session [b67ee9a0-2c73-11e5-8a95-1bb874c4048a] - Session.negotiatedCapabilities - {"browserName":"phantomjs","version":"1.9.8","driverName":"ghostdriver","driverVersion":"1.1.0","platform":"linux-unknown-64bit","javascriptEnabled":true,"takesScreenshot":true,"handlesAlerts":false,"databaseEnabled":false,"locationContextEnabled":false,"applicationCacheEnabled":false,"browserConnectionEnabled":false,"cssSelectorsEnabled":true,"webStorageEnabled":false,"rotatable":false,"acceptSslCerts":false,"nativeEvents":true,"proxy":{"proxyType":"direct"}}
[INFO  - 2015-07-17T11:05:19.934Z] SessionManagerReqHand - _postNewSessionCommand - New Session Created: b67ee9a0-2c73-11e5-8a95-1bb874c4048a
[INFO  - 2015-07-17T11:06:51.995Z] ShutdownReqHand - _handle - About to shutdown
[INFO  - 2015-07-17T11:09:07.938Z] GhostDriver - Main - running on port 24771
[INFO  - 2015-07-17T11:09:08.366Z] Session [3ea705b0-2c74-11e5-ae54-2f586086ec4e] - page.settings - {"XSSAuditingEnabled":false,"javascriptCanCloseWindows":true,"javascriptCanOpenWindows":true,"javascriptEnabled":true,"loadImages":true,"localToRemoteUrlAccessEnabled":false,"userAgent":"Mozilla/5.0 (Unknown; Linux x86_64) AppleWebKit/534.34 (KHTML, like Gecko) PhantomJS/1.9.8 Safari/534.34","webSecurityEnabled":true}
[INFO  - 2015-07-17T11:09:08.366Z] Session [3ea705b0-2c74-11e5-ae54-2f586086ec4e] - page.customHeaders:  - {}
[INFO  - 2015-07-17T11:09:08.366Z] Session [3ea705b0-2c74-11e5-ae54-2f586086ec4e] - Session.negotiatedCapabilities - {"browserName":"phantomjs","version":"1.9.8","driverName":"ghostdriver","driverVersion":"1.1.0","platform":"linux-unknown-64bit","javascriptEnabled":true,"takesScreenshot":true,"handlesAlerts":false,"databaseEnabled":false,"locationContextEnabled":false,"applicationCacheEnabled":false,"browserConnectionEnabled":false,"cssSelectorsEnabled":true,"webStorageEnabled":false,"rotatable":false,"acceptSslCerts":false,"nativeEvents":true,"proxy":{"proxyType":"direct"}}
[INFO  - 2015-07-17T11:09:08.366Z] SessionManagerReqHand - _postNewSessionCommand - New Session Created: 3ea705b0-2c74-11e5-ae54-2f586086ec4e
[INFO  - 2015-07-27T08:20:02.944Z] GhostDriver - Main - running on port 1024
[INFO  - 2015-07-27T08:20:03.178Z] Session [47c7af70-3438-11e5-bc93-17aa1fb03668] - page.settings - {"XSSAuditingEnabled":false,"javascriptCanCloseWindows":true,"javascriptCanOpenWindows":true,"javascriptEnabled":true,"loadImages":true,"localToRemoteUrlAccessEnabled":false,"userAgent":"Mozilla/5.0 (Macintosh; Intel Mac OS X) AppleWebKit/534.34 (KHTML, like Gecko) PhantomJS/1.9.8 Safari/534.34","webSecurityEnabled":true}
[INFO  - 2015-07-27T08:20:03.178Z] Session [47c7af70-3438-11e5-bc93-17aa1fb03668] - page.customHeaders:  - {}
[INFO  - 2015-07-27T08:20:03.178Z] Session [47c7af70-3438-11e5-bc93-17aa1fb03668] - Session.negotiatedCapabilities - {"browserName":"phantomjs","version":"1.9.8","driverName":"ghostdriver","driverVersion":"1.1.0","platform":"mac-10.10 (Yosemite)-32bit","javascriptEnabled":true,"takesScreenshot":true,"handlesAlerts":false,"databaseEnabled":false,"locationContextEnabled":false,"applicationCacheEnabled":false,"browserConnectionEnabled":false,"cssSelectorsEnabled":true,"webStorageEnabled":false,"rotatable":false,"acceptSslCerts":false,"nativeEvents":true,"proxy":{"proxyType":"direct"}}
[INFO  - 2015-07-27T08:20:03.178Z] SessionManagerReqHand - _postNewSessionCommand - New Session Created: 47c7af70-3438-11e5-bc93-17aa1fb03668
[INFO  - 2015-07-27T08:21:34.972Z] GhostDriver - Main - running on port 11215
[INFO  - 2015-07-27T08:21:35.479Z] Session [7ecbb340-3438-11e5-975c-25749bb9529e] - page.settings - {"XSSAuditingEnabled":false,"javascriptCanCloseWindows":true,"javascriptCanOpenWindows":true,"javascriptEnabled":true,"loadImages":true,"localToRemoteUrlAccessEnabled":false,"userAgent":"Mozilla/5.0 (Macintosh; Intel Mac OS X) AppleWebKit/534.34 (KHTML, like Gecko) PhantomJS/1.9.8 Safari/534.34","webSecurityEnabled":true}
[INFO  - 2015-07-27T08:21:35.479Z] Session [7ecbb340-3438-11e5-975c-25749bb9529e] - page.customHeaders:  - {}
[INFO  - 2015-07-27T08:21:35.479Z] Session [7ecbb340-3438-11e5-975c-25749bb9529e] - Session.negotiatedCapabilities - {"browserName":"phantomjs","version":"1.9.8","driverName":"ghostdriver","driverVersion":"1.1.0","platform":"mac-10.10 (Yosemite)-32bit","javascriptEnabled":true,"takesScreenshot":true,"handlesAlerts":false,"databaseEnabled":false,"locationContextEnabled":false,"applicationCacheEnabled":false,"browserConnectionEnabled":false,"cssSelectorsEnabled":true,"webStorageEnabled":false,"rotatable":false,"acceptSslCerts":false,"nativeEvents":true,"proxy":{"proxyType":"direct"}}
[INFO  - 2015-07-27T08:21:35.479Z] SessionManagerReqHand - _postNewSessionCommand - New Session Created: 7ecbb340-3438-11e5-975c-25749bb9529e
[INFO  - 2015-07-27T08:22:22.591Z] ShutdownReqHand - _handle - About to shutdown
