0 info it worked if it ends with ok
1 verbose cli [ 'node', '/usr/local/bin/npm', 'start' ]
2 info using npm@2.11.2
3 info using node@v0.12.5
4 verbose run-script [ 'prestart', 'start', 'poststart' ]
5 info prestart angular-seed@0.0.0
6 verbose unsafe-perm in lifecycle true
7 info angular-seed@0.0.0 Failed to exec prestart script
8 verbose stack Error: angular-seed@0.0.0 prestart: `npm install`
8 verbose stack Exit status 243
8 verbose stack     at EventEmitter.<anonymous> (/usr/local/lib/node_modules/npm/lib/utils/lifecycle.js:213:16)
8 verbose stack     at EventEmitter.emit (events.js:110:17)
8 verbose stack     at ChildProcess.<anonymous> (/usr/local/lib/node_modules/npm/lib/utils/spawn.js:24:14)
8 verbose stack     at ChildProcess.emit (events.js:110:17)
8 verbose stack     at maybeClose (child_process.js:1015:16)
8 verbose stack     at Process.ChildProcess._handle.onexit (child_process.js:1087:5)
9 verbose pkgid angular-seed@0.0.0
10 verbose cwd /Users/fernandolafuentesaiz/Desktop/htdocs/com.kingofapp.visualizer/app
11 error Darwin 14.4.0
12 error argv "node" "/usr/local/bin/npm" "start"
13 error node v0.12.5
14 error npm  v2.11.2
15 error code ELIFECYCLE
16 error angular-seed@0.0.0 prestart: `npm install`
16 error Exit status 243
17 error Failed at the angular-seed@0.0.0 prestart script 'npm install'.
17 error This is most likely a problem with the angular-seed package,
17 error not with npm itself.
17 error Tell the author that this fails on your system:
17 error     npm install
17 error You can get their info via:
17 error     npm owner ls angular-seed
17 error There is likely additional logging output above.
18 verbose exit [ 1, true ]
